==================================================
巴菲特股东信构建 v4
==================================================
缓存: 5502 条
  [1977] 1977_letter.html
  [1977] 39 块
  [1978] 1978_letter.html
  [1978] 51 块
  [1979] 1979_letter.html
  [1979] 83 块
  [1980] 1980_letter.html
  [1980] 102 块
  [1981] 1981_letter.html
  [1981] 102 块
  [1982] 1982_letter.html
  [1982] 117 块
  [1983] 1983.html
  [1983] 175 块
  [1984] 1984_letter.html
  [1984] 147 块
  [1985] 1985_letter.html
  [1985] 168 块
  [1986] 1986_letter.html
  [1986] 223 块
  [1987] 1987_letter.html
  [1987] 177 块
  [1988] 1988.html
  [1988] 187 块
  [1989] 1989_letter.html
  [1989] 204 块
  [1990] 1990_letter.html
  [1990] 286 块
  [1991] 1991_letter.html
  [1991] 122 块
  [1992] 1992_letter.html
  [1992] 149 块
  [1993] 1993_letter.html
  [1993] 146 块
  [1994] 1994_letter.html
  [1994] 139 块
  [1995] 1995_letter.html
  [1995] 165 块
  [1996] 1996_letter.html
  [1996] 150 块
  [1997] 1997_letter.html
  [1997] 182 块
  [1998] 1998pdf.pdf
  [1998] 182 块
  [1999] final1999pdf.pdf
  [1999] 182 块
  [2000] 2000pdf.pdf
  [2000] 197 块
  [2001] 2001pdf.pdf
  [2001] 179 块
  [2002] 2002pdf.pdf
  [2002] 236 块
  [2003] 2003ltr.pdf
  [2003] 221 块
  [2004] 2004ltr.pdf
  [2004] 104 块
  [2005] 2005ltr.pdf
  [2005] 79 块
  [2006] 2006ltr.pdf
  [2006] 105 块
  [2007] 2007ltr.pdf
  [2007] 78 块
  [2008] 2008ltr.pdf
  [2008] 213 块
  [2009] 2009ltr.pdf
  [2009] 188 块
  [2010] 2010ltr.pdf
  [2010] 252 块
  [2011] 2011ltr.pdf
  [2011] 217 块
  [2012] 2012ltr.pdf
  [2012] 252 块
  [2013] 2013ltr.pdf
  [2013] 239 块
  [2014] 2014ltr.pdf
  [2014] 423 块
  [2015] 2015ltr.pdf
  [2015] 268 块
  [2016] 2016ltr.pdf
  [2016] 242 块
  [2017] 2017ltr.pdf
  [2017] 156 块
  [2018] 2018ltr.pdf
  [2018] 139 块
  [2019] 2019ltr.pdf
  [2019] 135 块
  [2020] 2020ltr.pdf
  [2020] 150 块
  [2021] 2021ltr.pdf
  [2021] 109 块
  [2022] 2022ltr.pdf
  [2022] 76 块
  [2023] 2023ltr.pdf
  [2023] 135 块
  [2024] 2024ltr.pdf
  [2024] 131 块

生成表格截图...
  Playwright启动失败，跳过截图: BrowserType.launch: Executable doesn't exist at /root/.cache/ms-playwright/chromium_headless_shell-1217/chrome-headless-shell-linux64/chrome-headless-shell
╔════════════════════════════════════════════════════════════╗
║ Looks like Playwright was just installed or updated.       ║
║ Please run the following command to download new browsers: ║
║                                                            ║
║     playwright install                                     ║
║                                                            ║
║ <3 Playwright Team                                         ║
╚════════════════════════════════════════════════════════════╝
  共生成 0 张截图
  [1977] 10/39
  [1977] 20/39
  [1977] 30/39
  [1977] 39/39
  [1977] ✓
  [1978] 10/51
  [1978] 20/51
  [1978] 30/51
  [1978] 40/51
  [1978] 50/51
  [1978] 51/51
  [1978] ✓
  [1979] 10/83
  [1979] 20/83
  [1979] 30/83
  [1979] 40/83
  [1979] 50/83
  [1979] 60/83
  [1979] 70/83
  [1979] 80/83
  [1979] 83/83
  [1979] ✓
  [1980] 10/102
  [1980] 20/102
  [1980] 30/102
  [1980] 40/102
  [1980] 50/102
  [1980] 60/102
  [1980] 70/102
  [1980] 80/102
  [1980] 90/102
  [1980] 100/102
  [1980] 102/102
  [1980] ✓
  [1981] 10/102
  [1981] 20/102
  [1981] 30/102
  [1981] 40/102
  [1981] 50/102
  [1981] 60/102
  [1981] 70/102
  [1981] 80/102
  [1981] 90/102
  [1981] 100/102
  [1981] 102/102
  [1981] ✓
  [1982] 10/117
  [1982] 20/117
  [1982] 30/117
  [1982] 40/117
  [1982] 50/117
  [1982] 60/117
  [1982] 70/117
  [1982] 80/117
  [1982] 90/117
  [1982] 100/117
  [1982] 110/117
  [1982] 117/117
  [1982] ✓
  [1983] 10/175
  [1983] 20/175
  [1983] 30/175
  [1983] 40/175
  [1983] 50/175
  [1983] 60/175
  [1983] 70/175
  [1983] 80/175
  [1983] 90/175
  [1983] 100/175
  [1983] 110/175
  [1983] 120/175
  [1983] 130/175
  [1983] 140/175
  [1983] 150/175
  [1983] 160/175
  [1983] 170/175
  [1983] 175/175
  [1983] ✓
  [1984] 10/147
  [1984] 20/147
  [1984] 30/147
  [1984] 40/147
  [1984] 50/147
  [1984] 60/147
  [1984] 70/147
  [1984] 80/147
  [1984] 90/147
  [1984] 100/147
  [1984] 110/147
  [1984] 120/147
  [1984] 130/147
  [1984] 140/147
  [1984] 147/147
  [1984] ✓
  [1985] 10/168
  [1985] 20/168
  [1985] 30/168
  [1985] 40/168
  [1985] 50/168
  [1985] 60/168
  [1985] 70/168
  [1985] 80/168
  [1985] 90/168
  [1985] 100/168
  [1985] 110/168
  [1985] 120/168
  [1985] 130/168
  [1985] 140/168
  [1985] 150/168
  [1985] 160/168
  [1985] 168/168
  [1985] ✓
  翻译失败(3次): ______... err=502 | Unknown error. Error code: 502
  翻译失败(3次): ____595... err=502 | Unknown error. Error code: 502
  翻译失败(3次): ______... err=502 | Unknown error. Error code: 502
  翻译失败(3次): _____998... err=502 | Unknown error. Error code: 502
  [1986] 10/223
  [1986] 20/223
  [1986] 30/223
  [1986] 40/223
  [1986] 50/223
  [1986] 60/223
  [1986] 70/223
  [1986] 80/223
  [1986] 90/223
  [1986] 100/223
  [1986] 110/223
  [1986] 120/223
  [1986] 130/223
  [1986] 140/223
  [1986] 150/223
  [1986] 160/223
  [1986] 170/223
  [1986] 180/223
  [1986] 190/223
  [1986] 200/223
  [1986] 210/223
  [1986] 220/223
  翻译失败(3次): $362,347 $491,989 ======== ========... err=502 | Unknown error. Error code: 502
  [1986] 223/223
  [1986] ✓
  [1987] 10/177
  [1987] 20/177
  [1987] 30/177
  [1987] 40/177
  [1987] 50/177
  [1987] 60/177
  [1987] 70/177
  [1987] 80/177
  [1987] 90/177
  [1987] 100/177
  [1987] 110/177
  [1987] 120/177
  [1987] 130/177
  [1987] 140/177
  [1987] 150/177
  [1987] 160/177
  [1987] 170/177
  [1987] 177/177
  [1987] ✓
  [1988] 10/187
  [1988] 20/187
  [1988] 30/187
  [1988] 40/187
  [1988] 50/187
  [1988] 60/187
  [1988] 70/187
  [1988] 80/187
  [1988] 90/187
  [1988] 100/187
  [1988] 110/187
  [1988] 120/187
  [1988] 130/187
  [1988] 140/187
  [1988] 150/187
  [1988] 160/187
  [1988] 170/187
  [1988] 180/187
  [1988] 187/187
  [1988] ✓
  [1989] 10/204
  [1989] 20/204
  [1989] 30/204
  [1989] 40/204
  [1989] 50/204
  [1989] 60/204
  [1989] 70/204
  [1989] 80/204
  [1989] 90/204
  [1989] 100/204
  [1989] 110/204
  [1989] 120/204
  [1989] 130/204
  [1989] 140/204
  [1989] 150/204
  [1989] 160/204
  [1989] 170/204
  [1989] 180/204
  [1989] 190/204
  [1989] 200/204
  [1989] 204/204
  [1989] ✓
  [1990] 10/286
  [1990] 20/286
  [1990] 30/286
  [1990] 40/286
  [1990] 50/286
  [1990] 60/286
  [1990] 70/286
  [1990] 80/286
  [1990] 90/286
  [1990] 100/286
  [1990] 110/286
  [1990] 120/286
  [1990] 130/286
  [1990] 140/286
  [1990] 150/286
  [1990] 160/286
  [1990] 170/286
  [1990] 180/286
  [1990] 190/286
  [1990] 200/286
  [1990] 210/286
  [1990] 220/286
  [1990] 230/286
  [1990] 240/286
  [1990] 250/286
  [1990] 260/286
  [1990] 270/286
  [1990] 280/286
  [1990] 286/286
  [1990] ✓
  [1991] 10/122
  [1991] 20/122
  [1991] 30/122
  [1991] 40/122
  [1991] 50/122
  [1991] 60/122
  [1991] 70/122
  [1991] 80/122
  [1991] 90/122
  [1991] 100/122
  [1991] 110/122
  [1991] 120/122
  [1991] 122/122
  [1991] ✓
  [1992] 10/149
  [1992] 20/149
  [1992] 30/149
  [1992] 40/149
  [1992] 50/149
  [1992] 60/149
  [1992] 70/149
  [1992] 80/149
  [1992] 90/149
  [1992] 100/149
  [1992] 110/149
  [1992] 120/149
  [1992] 130/149
  [1992] 140/149
  [1992] 149/149
  [1992] ✓
  [1993] 10/146
  [1993] 20/146
  [1993] 30/146
  [1993] 40/146
  [1993] 50/146
  [1993] 60/146
  [1993] 70/146
  [1993] 80/146
  [1993] 90/146
  [1993] 100/146
  [1993] 110/146
  [1993] 120/146
  [1993] 130/146
  [1993] 140/146
  [1993] 146/146
  [1993] ✓
  [1994] 10/139
  [1994] 20/139
  [1994] 30/139
  [1994] 40/139
  [1994] 50/139
  [1994] 60/139
  [1994] 70/139
  [1994] 80/139
  [1994] 90/139
  [1994] 100/139
  [1994] 110/139
  [1994] 120/139
  [1994] 130/139
  [1994] 139/139
  [1994] ✓
  [1995] 10/165
  [1995] 20/165
  [1995] 30/165
  [1995] 40/165
  [1995] 50/165
  [1995] 60/165
  [1995] 70/165
  [1995] 80/165
  [1995] 90/165
  [1995] 100/165
  [1995] 110/165
  [1995] 120/165
  [1995] 130/165
  [1995] 140/165
  [1995] 150/165
  [1995] 160/165
  [1995] 165/165
  [1995] ✓
  [1996] 10/150
  [1996] 20/150
  [1996] 30/150
  [1996] 40/150
  [1996] 50/150
  [1996] 60/150
  [1996] 70/150
  [1996] 80/150
  [1996] 90/150
  [1996] 100/150
  [1996] 110/150
  [1996] 120/150
  [1996] 130/150
  [1996] 140/150
  [1996] ✓
  [1997] 10/182
  [1997] 20/182
  [1997] 30/182
  [1997] 40/182
  [1997] 50/182
  [1997] 60/182
  [1997] 70/182
  [1997] 80/182
  [1997] 90/182
  [1997] 100/182
  [1997] 110/182
  [1997] 120/182
  [1997] 130/182
  [1997] 140/182
  [1997] 150/182
  [1997] 160/182
  [1997] 170/182
  [1997] 180/182
  [1997] 182/182
  [1997] ✓
  [1998] 10/182
  [1998] 20/182
  [1998] 30/182
  [1998] 40/182
  [1998] 50/182
  [1998] 60/182
  [1998] 70/182
  [1998] 80/182
  [1998] 90/182
  [1998] 100/182
  [1998] 110/182
  [1998] 120/182
  [1998] 130/182
  [1998] 140/182
  [1998] 150/182
  [1998] 160/182
  [1998] 170/182
  [1998] 180/182
  [1998] 182/182
  [1998] ✓
  [1999] 10/182
  [1999] 20/182
  [1999] 30/182
  [1999] 40/182
  [1999] 50/182
  [1999] 60/182
  [1999] 70/182
  [1999] 80/182
  [1999] 90/182
  [1999] 100/182
  [1999] 110/182
  [1999] 120/182
  [1999] 130/182
  [1999] 140/182
  [1999] 150/182
  [1999] 160/182
  [1999] 170/182
  [1999] 180/182
  [1999] 182/182
  [1999] ✓
  [2000] 10/197
  [2000] 20/197
  [2000] 30/197
  [2000] 40/197
  [2000] 50/197
  [2000] 60/197
  [2000] 70/197
  [2000] 80/197
  [2000] 90/197
  [2000] 100/197
  [2000] 110/197
  [2000] 120/197
  [2000] 130/197
  [2000] 140/197
  [2000] 150/197
  [2000] 160/197
  [2000] 170/197
  [2000] 180/197
  [2000] 190/197
  [2000] 197/197
  [2000] ✓
  [2001] 10/179
  [2001] 20/179
  [2001] 30/179
  [2001] 40/179
  [2001] 50/179
  [2001] 60/179
  [2001] 70/179
  [2001] 80/179
  [2001] 90/179
  [2001] 100/179
  [2001] 110/179
  [2001] 120/179
  [2001] 130/179
  [2001] 140/179
  [2001] 150/179
  [2001] 160/179
  [2001] 170/179
  [2001] 179/179
  [2001] ✓
  [2002] 10/236
  [2002] 20/236
  [2002] 30/236
  [2002] 40/236
  [2002] 50/236
  [2002] 60/236
  [2002] 70/236
  [2002] 80/236
  [2002] 90/236
  [2002] 100/236
  [2002] 110/236
  [2002] 120/236
  [2002] 130/236
  [2002] 140/236
  [2002] 150/236
  [2002] 160/236
  [2002] 170/236
  [2002] 180/236
  [2002] 190/236
  [2002] 200/236
  [2002] 210/236
  [2002] 220/236
  [2002] 230/236
  [2002] 236/236
  [2002] ✓
  [2003] 10/221
  [2003] 20/221
  [2003] 30/221
  [2003] 40/221
  [2003] 50/221
  [2003] 60/221
  [2003] 70/221
  [2003] 80/221
  [2003] 90/221
  [2003] 100/221
  [2003] 110/221
  [2003] 120/221
  [2003] 130/221
  [2003] 140/221
  [2003] 150/221
  [2003] 160/221
  [2003] 170/221
  [2003] 180/221
  [2003] 190/221
  [2003] 200/221
  [2003] 210/221
  [2003] 220/221
  [2003] 221/221
  [2003] ✓
  [2004] 10/104
  [2004] 20/104
  [2004] 30/104
  [2004] 40/104
  [2004] 50/104
  [2004] 60/104
  [2004] 70/104
  [2004] 80/104
  [2004] 90/104
  [2004] 100/104
  [2004] 104/104
  [2004] ✓
  [2005] 10/79
  [2005] 20/79
  [2005] 30/79
  [2005] 40/79
  [2005] 50/79
  [2005] 60/79
  [2005] 70/79
  [2005] 79/79
  [2005] ✓
  [2006] 10/105
  [2006] 20/105
  [2006] 30/105
  [2006] 40/105
  [2006] 50/105
  [2006] 60/105
  [2006] 70/105
  [2006] 80/105
  [2006] 90/105
  [2006] 100/105
  [2006] 105/105
  [2006] ✓
  [2007] 10/78
  [2007] 20/78
  [2007] 30/78
  [2007] 40/78
  [2007] 50/78
  [2007] 60/78
  [2007] 70/78
  [2007] 78/78
  [2007] ✓
  [2008] 10/213
  [2008] 20/213
  [2008] 30/213
  [2008] 40/213
  [2008] 50/213
  [2008] 60/213
  [2008] 70/213
  [2008] 80/213
  [2008] 90/213
  [2008] 100/213
  [2008] 110/213
  [2008] 120/213
  [2008] 130/213
  [2008] 140/213
  [2008] 150/213
  [2008] 160/213
  [2008] 170/213
  [2008] 180/213
  [2008] 190/213
  [2008] 200/213
  [2008] 210/213
  [2008] 213/213
  [2008] ✓
  [2009] 10/188
  [2009] 20/188
  [2009] 30/188
  [2009] 40/188
  [2009] 50/188
  [2009] 60/188
  [2009] 70/188
  [2009] 80/188
  [2009] 90/188
  [2009] 100/188
  [2009] 110/188
  [2009] 120/188
  [2009] 130/188
  [2009] 140/188
  [2009] 150/188
  [2009] 160/188
  [2009] 170/188
  [2009] 180/188
  [2009] 188/188
  [2009] ✓
  [2010] 10/252
  [2010] 20/252
  [2010] 30/252
  [2010] 40/252
  [2010] 50/252
  [2010] 60/252
  [2010] 70/252
  [2010] 80/252
  [2010] 90/252
  [2010] 100/252
  [2010] 110/252
  [2010] 120/252
  [2010] 130/252
  [2010] 140/252
  翻译失败(3次): 2/12/10;... err=502 | Unknown error. Error code: 502
  [2010] 150/252
  [2010] 160/252
  [2010] 170/252
  [2010] 180/252
  [2010] 190/252
  [2010] 200/252
  [2010] 210/252
  [2010] 220/252
  [2010] 230/252
  [2010] 240/252
  [2010] 250/252
  [2010] 252/252
  [2010] ✓
  [2011] 10/217
  [2011] 20/217
  [2011] 30/217
  [2011] 40/217
  [2011] 50/217
  [2011] 60/217
  [2011] 70/217
  [2011] 80/217
  [2011] 90/217
  翻译失败(3次): 2/12/10;... err=502 | Unknown error. Error code: 502
  [2011] 100/217
  [2011] 110/217
  翻译失败(3次): 2011** 2010 2009... err=502 | Unknown error. Error code: 502
  [2011] 120/217
  [2011] 130/217
  [2011] 140/217
  [2011] 150/217
  [2011] 160/217
  [2011] 170/217
  [2011] 180/217
  [2011] 190/217
  [2011] 200/217
  [2011] 210/217
  [2011] 217/217
  [2011] ✓
  [2012] 10/252
  [2012] 20/252
  [2012] 30/252
  [2012] 40/252
  [2012] 50/252
  [2012] 60/252
  [2012] 70/252
  [2012] 80/252
  [2012] 90/252
  [2012] 100/252
  [2012] 110/252
  翻译失败(3次): 2012 2011* 2010... err=502 | Unknown error. Error code: 502
  [2012] 120/252
  [2012] 130/252
  [2012] 140/252
  [2012] 150/252
  [2012] 160/252
  [2012] 170/252
  [2012] 180/252
  [2012] 190/252
  [2012] 200/252
  [2012] 210/252
  [2012] 220/252
  [2012] 230/252
  [2012] 240/252
  [2012] 250/252
  [2012] 252/252
  [2012] ✓
  [2013] 10/239
  [2013] 20/239
  [2013] 30/239
  [2013] 40/239
  [2013] 50/239
  [2013] 60/239
  [2013] 70/239
  [2013] 80/239
  [2013] 90/239
  [2013] 100/239
  [2013] 110/239
  [2013] 120/239
  [2013] 130/239
  [2013] 140/239
  [2013] 150/239
  [2013] 160/239
  [2013] 170/239
  [2013] 180/239
  [2013] 190/239
  [2013] 200/239
  [2013] 210/239
  [2013] 220/239
  [2013] 230/239
  [2013] 239/239
  [2013] ✓
  [2014] 10/423
  [2014] 20/423
  [2014] 30/423
  [2014] 40/423
  [2014] 50/423
  [2014] 60/423
  [2014] 70/423
  [2014] 80/423
  [2014] 90/423
  [2014] 100/423
  [2014] 110/423
  翻译失败(3次): 2014 2013 * 2012 *... err=502 | Unknown error. Error code: 502
  [2014] 120/423
  [2014] 130/423
  [2014] 140/423
  [2014] 150/423
  [2014] 160/423
  [2014] 170/423
  [2014] 180/423
  [2014] 190/423
  [2014] 200/423
  [2014] 210/423
  [2014] 220/423
  [2014] 230/423
  [2014] 240/423
  [2014] 250/423
  [2014] 260/423
  [2014] 270/423
  [2014] 280/423
  [2014] 290/423
  [2014] 300/423
  [2014] 310/423
  [2014] 320/423
  [2014] 330/423
  [2014] 340/423
  [2014] 350/423
  [2014] 360/423
  [2014] 370/423
  [2014] 380/423
  [2014] 390/423
  [2014] 400/423
  [2014] 410/423
  [2014] 420/423
  [2014] 423/423
  [2014] ✓
  [2015] 10/268
  [2015] 20/268
  [2015] 30/268
  [2015] 40/268
  [2015] 50/268
  [2015] 60/268
  [2015] 70/268
  [2015] 80/268
  [2015] 90/268
  [2015] 100/268
  [2015] 110/268
  [2015] 120/268
  翻译失败(3次): 2015 2014 2013*... err=502 | Unknown error. Error code: 502
  [2015] 130/268
  [2015] 140/268
  [2015] 150/268
  [2015] 160/268
  [2015] 170/268
  [2015] 180/268
  [2015] 190/268
  [2015] 200/268
  [2015] 210/268
  [2015] 220/268
  [2015] 230/268
  [2015] 240/268
  [2015] 250/268
  [2015] 260/268
  [2015] 268/268
  [2015] ✓
  [2016] 10/242
  [2016] 20/242
  [2016] 30/242
  [2016] 40/242
  [2016] 50/242
  [2016] 60/242
  [2016] 70/242
  [2016] 80/242
  [2016] 90/242
  [2016] 100/242
  [2016] 110/242
  [2016] 120/242
  [2016] 130/242
  [2016] 140/242
  [2016] 150/242
  [2016] 160/242
  [2016] 170/242
  [2016] 180/242
  [2016] 190/242
  [2016] 200/242
  [2016] 210/242
  [2016] 220/242
  [2016] 230/242
  [2016] 240/242
  [2016] 242/242
  [2016] ✓
  [2017] 10/156
  [2017] 20/156
  [2017] 30/156
  [2017] 40/156
  [2017] 50/156
  [2017] 60/156
  [2017] 70/156
  [2017] 80/156
  [2017] 90/156
  [2017] 100/156
  [2017] 110/156
  [2017] 120/156
  [2017] 130/156
  [2017] 140/156
  [2017] 150/156
  [2017] 156/156
  [2017] ✓
  [2018] 10/139
  [2018] 20/139
  [2018] 30/139
  [2018] 40/139
  [2018] 50/139
  [2018] 60/139
  [2018] 70/139
  [2018] 80/139
  [2018] 90/139
  [2018] 100/139
  [2018] 110/139
  [2018] 120/139
  [2018] 130/139
  [2018] 139/139
  [2018] ✓
  [2019] 10/135
  [2019] 20/135
  [2019] 30/135
  [2019] 40/135
  [2019] 50/135
  [2019] 60/135
  [2019] 70/135
  [2019] 80/135
  [2019] 90/135
  [2019] 100/135
  [2019] 110/135
  [2019] 120/135
  [2019] 130/135
  [2019] 135/135
  [2019] ✓
  [2020] 10/150
  [2020] 20/150
  [2020] 30/150
  [2020] 40/150
  [2020] 50/150
  [2020] 60/150
  [2020] 70/150
  [2020] 80/150
  [2020] 90/150
  [2020] 100/150
  [2020] 110/150
  [2020] 120/150
  [2020] 130/150
  [2020] 140/150
  [2020] ✓
  [2021] 10/109
  [2021] 20/109
  [2021] 30/109
  [2021] 40/109
  [2021] 50/109
  [2021] 60/109
  [2021] 70/109
  [2021] 80/109
  [2021] 90/109
  [2021] 100/109
  [2021] 109/109
  [2021] ✓
  [2022] 10/76
  [2022] 20/76
  [2022] 30/76
  [2022] 40/76
  [2022] 50/76
  [2022] 60/76
  [2022] 70/76
  [2022] 76/76
  [2022] ✓
  [2023] 10/135
  [2023] 20/135
  [2023] 30/135
  [2023] 40/135
  [2023] 50/135
  [2023] 60/135
  [2023] 70/135
  [2023] 80/135
  [2023] 90/135
  [2023] 100/135
  [2023] 110/135
  [2023] 120/135
  [2023] 130/135
  [2023] 135/135
  [2023] ✓
  [2024] 10/131
  [2024] 20/131
  [2024] 30/131
  [2024] 40/131
  [2024] 50/131
  [2024] 60/131
  [2024] 70/131
  [2024] 80/131
  [2024] 90/131
  [2024] 100/131
  [2024] 110/131
  [2024] 120/131
  [2024] 130/131
  [2024] 131/131
  [2024] ✓

生成首页...

验证翻译完整性...
  [1978] 1 个未翻译段落，补充翻译中...
    仍然失败: The number one contributor to Berkshire’s overall ...
  [1980] 2 个未翻译段落，补充翻译中...
    仍然失败: (a) All owned by Berkshire or its insurance subsid...
    仍然失败: On December 31, 1980 we completed the exchange of ...
  [1981] 2 个未翻译段落，补充翻译中...
    仍然失败: (a) All owned by Berkshire or its insurance subsid...
    仍然失败: The designated-contributions idea, along with many...
  [1982] 1 个未翻译段落，补充翻译中...
    仍然失败: (b) Blue Chip and/or Wesco own shares of these com...
  [1983] 2 个未翻译段落，补充翻译中...
    仍然失败: Despite the volume problem, See’s strengths are ma...
    仍然失败: Our own combined ratio in 1983 was 121. Since Mike...
  [1985] 2 个未翻译段落，补充翻译中...
    仍然失败: GEICO, 38%-owned by Berkshire, reported an excelle...
    仍然失败: Never one to let go of a meal ticket, we have foll...
  [1986] 2 个未翻译段落，补充翻译中...
    仍然失败: o The tax rate on corporate ordinary income is sch...
  翻译失败(3次): $362,347 $491,989 ======== ========... err=502 | Unknown error. Error code: 502
    仍然失败: $362,347 $491,989 ======== ========...
  [1988] 4 个未翻译段落，补充翻译中...
    仍然失败: *Excludes interest expense of Scott Fetzer Financi...
    仍然失败: It is great fun to be in business with people you ...
    仍然失败: Take the breakfast cereal industry, whose return o...
    仍然失败: Dave Dodd, my friend and teacher for 38 years, die...
  [1990] 1 个未翻译段落，补充翻译中...
    仍然失败: Ken was my immediate choice to run the textile ope...
  [1992] 1 个未翻译段落，补充翻译中...
    仍然失败: You will remember that our goal is to increase our...
  [1994] 1 个未翻译段落，补充翻译中...
    仍然失败: As you can see, Scott Fetzer's earnings have incre...
  [1995] 4 个未翻译段落，补充翻译中...
    仍然失败: Barnett, then 60, loved the business but also want...
    仍然失败: Alas, I sold my entire GEICO position in 1952 for ...
    仍然失败: Then, in 1995, we agreed to pay $2.3 billion for t...
    仍然失败: GEICO, of course, must continue both to attract go...
  [1997] 1 个未翻译段落，补充翻译中...
    仍然失败: In last year's letter, I described
the growing cos...
  [1998] 2 个未翻译段落，补充翻译中...
    仍然失败: The Economics of Property-Casualty Insurance...
    仍然失败: Additional information about our various businesse...
  [1999] 6 个未翻译段落，补充翻译中...
    仍然失败: The Economics of Property/Casualty Insurance...
    仍然失败: 1967 20 20 1977 40 131 171 1987 701 807 1,508 1997...
    仍然失败: 1998 3,125 14,909 4,305 415 22,754 1999 3,444 15,1...
    仍然失败: GEICO (1-800-847-7536 or GEICO.com)...
    仍然失败: 1993 346,882 2,011,055 1994 384,217 2,147,549 1995...
    仍然失败: Additional information about our various businesse...
  [2000] 7 个未翻译段落，补充翻译中...
    仍然失败: In their typically classy way, the Bridges allocat...
    仍然失败: • In June, Bob Shaw, CEO of Shaw Industries , the ...
    仍然失败: When a business masterpiece has been created by a ...
    仍然失败: The Economics of Property/Casualty Insurance...
    仍然失败: GEICO (1-800-847-7536 or GEICO.com)...
    仍然失败: 1993 346,882 2,011,055 1994 384,217 2,147,549 1995...
    仍然失败: Additional information about our various businesse...
  [2001] 2 个未翻译段落，补充翻译中...
    仍然失败: The Economics of Property/Casualty Insurance...
    仍然失败: GEICO, by far our largest primary insurer, made ma...
  [2002] 3 个未翻译段落，补充翻译中...
    仍然失败: What does this have to do with management? It’s si...
    仍然失败: The Economics of Property/Casualty Insurance...
    仍然失败: Here’s one footnote to GEICO’s 2002 earnings that ...
  [2003] 4 个未翻译段落，补充翻译中...
    仍然失败: • A far less pleasant unwinding operation is takin...
    仍然失败: • We have told you in the past about Berkadia, the...
    仍然失败: Our activities in this category cover the waterfro...
    仍然失败: NetJets, our fractional-ownership operation lost $...
  [2004] 1 个未翻译段落，补充翻译中...
    仍然失败: Manufacturing, Service and Retailing Operations Ou...
  [2005] 1 个未翻译段落，补充翻译中...
    仍然失败: Manufacturing, Service and Retailing Operations Ou...
  [2006] 2 个未翻译段落，补充翻译中...
    仍然失败: In September, Charlie and I, along with five Berks...
    仍然失败: So let us summarize our accounting for the Equitas...
  [2007] 3 个未翻译段落，补充翻译中...
    仍然失败: Below we show the record of our four categories of...
    仍然失败: We agreed to purchase 35,464,337 shares of MidAmer...
    仍然失败: Clayton, XTRA and CORT are all good businesses, ve...
  [2008] 3 个未翻译段落，补充翻译中...
    仍然失败: General Re, our large international reinsurer, als...
    仍然失败: Our activities in this part of Berkshire cover the...
    仍然失败: Clayton, it should be emphasized, followed far mor...
  [2009] 3 个未翻译段落，补充翻译中...
    仍然失败: Our activities in this part of Berkshire cover the...
    仍然失败: In addition, we own positions in non-traded securi...
    仍然失败: 1 (1.517) 2 2.357 3 1.732 4 1.052...
  [2010] 6 个未翻译段落，补充翻译中...
    仍然失败: Compounded Annual Increase in Per-Share Investment...
    仍然失败: Our activities in this part of Berkshire cover the...
    仍然失败: • TTI, our electronic components distributor, had ...
    仍然失败: At MidAmerican, we participate in a similar “socia...
    仍然失败: MidAmerican Earnings (in millions)...
    仍然失败: When Charlie and I met Todd Combs, we knew he fit ...
  [2011] 6 个未翻译段落，补充翻译中...
    仍然失败: 1970 $ 39 1980 237 1990 1,632 2000 27,871 2010 65,...
    仍然失败: At MidAmerican, we participate in a similar “socia...
    仍然失败: MidAmerican, 89.8% owned by Berkshire, supplies 2....
    仍然失败: MidAmerican Earnings (in millions)...
    仍然失败: Our activities in this part of Berkshire cover the...
    仍然失败: Shares Company Percentage of Company...
  [2012] 3 个未翻译段落，补充翻译中...
    仍然失败: 1970 $ 39 1980 237 1990 1,632 2000 27,871 2010 65,...
    仍然失败: Many insurers pass the first three tests and flunk...
    仍然失败: Our activities in this part of Berkshire cover the...
  [2013] 5 个未翻译段落，补充翻译中...
    仍然失败: 1970 $ 39 1980 237 1990 1,632 2000 27,871 2010 65,...
    仍然失败: Many insurers pass the first three tests and flunk...
    仍然失败: BNSF, like all railroads, also moves its cargo in ...
    仍然失败: Our activities in this part of Berkshire cover the...
    仍然失败: Brooks, our running-shoe company, will again have ...
  [2014] 9 个未翻译段落，补充翻译中...
    仍然失败: Ajit’s underwriting skills are unmatched. His mind...
    仍然失败: Many insurers pass the first three tests and flunk...
    仍然失败: BNSF, like all railroads, also moves its cargo in ...
    仍然失败: Our activities in this part of Berkshire cover the...
    仍然失败: Shares** Company Percentage of Company...
    仍然失败: Get up early on Saturday morning. At 6:20 a.m., No...
    仍然失败: To date, See’s has earned $1.9 billion pre-tax, wi...
    仍然失败: The name may have changed but that was all: Equity...
    仍然失败: I am a lucky fellow to have you as partners....
  [2015] 4 个未翻译段落，补充翻译中...
    仍然失败: Many insurers pass the first three tests and flunk...
    仍然失败: $ 1,837 $ 2,668 $ 87,722 $ 83,921...
    仍然失败: BNSF, like other Class I railroads, uses only a si...
    仍然失败: Our activities in this part of Berkshire cover the...
  [2016] 3 个未翻译段落，补充翻译中...
    仍然失败: BNSF, like other Class I railroads, uses only a si...
    仍然失败: Our manufacturing, service and retailing operation...
    仍然失败: Some of the stocks in the table are the responsibi...
  [2017] 1 个未翻译段落，补充翻译中...
    仍然失败: Some of the stocks in the table are the responsibi...
  [2018] 3 个未翻译段落，补充翻译中...
    仍然失败: Berkshire earned $4.0 billion in 2018 utilizing ge...
    仍然失败: Our investees paid us dividends of $3.8 billion la...
    仍然失败: I believe Berkshire’s intrinsic value can be appro...
  [2019] 3 个未翻译段落，补充翻译中...
    仍然失败: In still another contrast, that other Iowa utility...
    仍然失败: Berkshire, Blue Chip Stamps, Cap Cities-ABC, Coca-...
    仍然失败: Calculations of intrinsic value are far from preci...
  [2020] 5 个未翻译段落，补充翻译中...
    仍然失败: The final component in our GAAP figure – that ugly...
    仍然失败: Jack was honest, shrewd, likeable and a bit quirky...
    仍然失败: When our partnership distributed its Berkshire sha...
    仍然失败: When seats open up at Berkshire – and we hope they...
    仍然失败: Whatever the obstacles, BHE will be a leader in de...
  [2021] 3 个未翻译段落，补充翻译中...
    仍然失败: Charlie Munger, my long-time partner, and I have t...
    仍然失败: BNSF trains traveled 143 million miles last year a...
    仍然失败: • BHE, our final Giant, earned a record $4 billion...
  [2023] 1 个未翻译段落，补充翻译中...
    仍然失败: BNSF must annually spend more than its depreciatio...
  [2024] 2 个未翻译段落，补充翻译中...
    仍然失败: P/C insurance growth is dependent on increased eco...
    仍然失败: Berkshire Increases its Japanese Investments...
  验证完成: 缺失 115, 修复 0
  [1977] 10/39
  [1977] 20/39
  [1977] 30/39
  [1977] 39/39
  [1978] 10/51
  [1978] 20/51
  [1978] 30/51
  [1978] 40/51
  [1978] 50/51
  [1978] 51/51
  [1979] 10/83
  [1979] 20/83
  [1979] 30/83
  [1979] 40/83
  [1979] 50/83
  [1979] 60/83
  [1979] 70/83
  [1979] 80/83
  [1979] 83/83
  [1980] 10/102
  [1980] 20/102
  [1980] 30/102
  [1980] 40/102
  [1980] 50/102
  [1980] 60/102
  [1980] 70/102
  [1980] 80/102
  [1980] 90/102
  [1980] 100/102
  [1980] 102/102
  [1981] 10/102
  [1981] 20/102
  [1981] 30/102
  [1981] 40/102
  [1981] 50/102
  [1981] 60/102
  [1981] 70/102
  [1981] 80/102
  [1981] 90/102
  [1981] 100/102
  [1981] 102/102
  [1982] 10/117
  [1982] 20/117
  [1982] 30/117
  [1982] 40/117
  [1982] 50/117
  [1982] 60/117
  [1982] 70/117
  [1982] 80/117
  [1982] 90/117
  [1982] 100/117
  [1982] 110/117
  [1982] 117/117
  [1983] 10/175
  [1983] 20/175
  [1983] 30/175
  [1983] 40/175
  [1983] 50/175
  [1983] 60/175
  [1983] 70/175
  [1983] 80/175
  [1983] 90/175
  [1983] 100/175
  [1983] 110/175
  [1983] 120/175
  [1983] 130/175
  [1983] 140/175
  [1983] 150/175
  [1983] 160/175
  [1983] 170/175
  [1983] 175/175
  [1984] 10/147
  [1984] 20/147
  [1984] 30/147
  [1984] 40/147
  [1984] 50/147
  [1984] 60/147
  [1984] 70/147
  [1984] 80/147
  [1984] 90/147
  [1984] 100/147
  [1984] 110/147
  [1984] 120/147
  [1984] 130/147
  [1984] 140/147
  [1984] 147/147
  [1985] 10/168
  [1985] 20/168
  [1985] 30/168
  [1985] 40/168
  [1985] 50/168
  [1985] 60/168
  [1985] 70/168
  [1985] 80/168
  [1985] 90/168
  [1985] 100/168
  [1985] 110/168
  [1985] 120/168
  [1985] 130/168
  [1985] 140/168
  [1985] 150/168
  [1985] 160/168
  [1985] 168/168
  翻译失败(3次): ______... err=502 | Unknown error. Error code: 502
  翻译失败(3次): ____595... err=502 | Unknown error. Error code: 502
  翻译失败(3次): ______... err=502 | Unknown error. Error code: 502
  翻译失败(3次): _____998... err=502 | Unknown error. Error code: 502
  [1986] 10/223
  [1986] 20/223
  [1986] 30/223
  [1986] 40/223
  [1986] 50/223
  [1986] 60/223
  [1986] 70/223
  [1986] 80/223
  [1986] 90/223
  [1986] 100/223
  [1986] 110/223
  [1986] 120/223
  [1986] 130/223
  [1986] 140/223
  [1986] 150/223
  [1986] 160/223
  [1986] 170/223
  [1986] 180/223
  [1986] 190/223
  [1986] 200/223
  [1986] 210/223
  [1986] 220/223
  翻译失败(3次): $362,347 $491,989 ======== ========... err=502 | Unknown error. Error code: 502
  [1986] 223/223
  [1987] 10/177
  [1987] 20/177
  [1987] 30/177
  [1987] 40/177
  [1987] 50/177
  [1987] 60/177
  [1987] 70/177
  [1987] 80/177
  [1987] 90/177
  [1987] 100/177
  [1987] 110/177
  [1987] 120/177
  [1987] 130/177
  [1987] 140/177
  [1987] 150/177
  [1987] 160/177
  [1987] 170/177
  [1987] 177/177
  [1988] 10/187
  [1988] 20/187
  [1988] 30/187
  [1988] 40/187
  [1988] 50/187
  [1988] 60/187
  [1988] 70/187
  [1988] 80/187
  [1988] 90/187
  [1988] 100/187
  [1988] 110/187
  [1988] 120/187
  [1988] 130/187
  [1988] 140/187
  [1988] 150/187
  [1988] 160/187
  [1988] 170/187
  [1988] 180/187
  [1988] 187/187
  [1989] 10/204
  [1989] 20/204
  [1989] 30/204
  [1989] 40/204
  [1989] 50/204
  [1989] 60/204
  [1989] 70/204
  [1989] 80/204
  [1989] 90/204
  [1989] 100/204
  [1989] 110/204
  [1989] 120/204
  [1989] 130/204
  [1989] 140/204
  [1989] 150/204
  [1989] 160/204
  [1989] 170/204
  [1989] 180/204
  [1989] 190/204
  [1989] 200/204
  [1989] 204/204
  [1990] 10/286
  [1990] 20/286
  [1990] 30/286
  [1990] 40/286
  [1990] 50/286
  [1990] 60/286
  [1990] 70/286
  [1990] 80/286
  [1990] 90/286
  [1990] 100/286
  [1990] 110/286
  [1990] 120/286
  [1990] 130/286
  [1990] 140/286
  [1990] 150/286
  [1990] 160/286
  [1990] 170/286
  [1990] 180/286
  [1990] 190/286
  [1990] 200/286
  [1990] 210/286
  [1990] 220/286
  [1990] 230/286
  [1990] 240/286
  [1990] 250/286
  [1990] 260/286
  [1990] 270/286
  [1990] 280/286
  [1990] 286/286
  [1991] 10/122
  [1991] 20/122
  [1991] 30/122
  [1991] 40/122
  [1991] 50/122
  [1991] 60/122
  [1991] 70/122
  [1991] 80/122
  [1991] 90/122
  [1991] 100/122
  [1991] 110/122
  [1991] 120/122
  [1991] 122/122
  [1992] 10/149
  [1992] 20/149
  [1992] 30/149
  [1992] 40/149
  [1992] 50/149
  [1992] 60/149
  [1992] 70/149
  [1992] 80/149
  [1992] 90/149
  [1992] 100/149
  [1992] 110/149
  [1992] 120/149
  [1992] 130/149
  [1992] 140/149
  [1992] 149/149
  [1993] 10/146
  [1993] 20/146
  [1993] 30/146
  [1993] 40/146
  [1993] 50/146
  [1993] 60/146
  [1993] 70/146
  [1993] 80/146
  [1993] 90/146
  [1993] 100/146
  [1993] 110/146
  [1993] 120/146
  [1993] 130/146
  [1993] 140/146
  [1993] 146/146
  [1994] 10/139
  [1994] 20/139
  [1994] 30/139
  [1994] 40/139
  [1994] 50/139
  [1994] 60/139
  [1994] 70/139
  [1994] 80/139
  [1994] 90/139
  [1994] 100/139
  [1994] 110/139
  [1994] 120/139
  [1994] 130/139
  [1994] 139/139
  [1995] 10/165
  [1995] 20/165
  [1995] 30/165
  [1995] 40/165
  [1995] 50/165
  [1995] 60/165
  [1995] 70/165
  [1995] 80/165
  [1995] 90/165
  [1995] 100/165
  [1995] 110/165
  [1995] 120/165
  [1995] 130/165
  [1995] 140/165
  [1995] 150/165
  [1995] 160/165
  [1995] 165/165
  [1996] 10/150
  [1996] 20/150
  [1996] 30/150
  [1996] 40/150
  [1996] 50/150
  [1996] 60/150
  [1996] 70/150
  [1996] 80/150
  [1996] 90/150
  [1996] 100/150
  [1996] 110/150
  [1996] 120/150
  [1996] 130/150
  [1996] 140/150
  [1997] 10/182
  [1997] 20/182
  [1997] 30/182
  [1997] 40/182
  [1997] 50/182
  [1997] 60/182
  [1997] 70/182
  [1997] 80/182
  [1997] 90/182
  [1997] 100/182
  [1997] 110/182
  [1997] 120/182
  [1997] 130/182
  [1997] 140/182
  [1997] 150/182
  [1997] 160/182
  [1997] 170/182
  [1997] 180/182
  [1997] 182/182
  [1998] 10/182
  [1998] 20/182
  [1998] 30/182
  [1998] 40/182
  [1998] 50/182
  [1998] 60/182
  [1998] 70/182
  [1998] 80/182
  [1998] 90/182
  [1998] 100/182
  [1998] 110/182
  [1998] 120/182
  [1998] 130/182
  [1998] 140/182
  [1998] 150/182
  [1998] 160/182
  [1998] 170/182
  [1998] 180/182
  [1998] 182/182
  [1999] 10/182
  [1999] 20/182
  [1999] 30/182
  [1999] 40/182
  [1999] 50/182
  [1999] 60/182
  [1999] 70/182
  [1999] 80/182
  [1999] 90/182
  [1999] 100/182
  [1999] 110/182
  [1999] 120/182
  [1999] 130/182
  [1999] 140/182
  [1999] 150/182
  [1999] 160/182
  [1999] 170/182
  [1999] 180/182
  [1999] 182/182
  [2000] 10/197
  [2000] 20/197
  [2000] 30/197
  [2000] 40/197
  [2000] 50/197
  [2000] 60/197
  [2000] 70/197
  [2000] 80/197
  [2000] 90/197
  [2000] 100/197
  [2000] 110/197
  [2000] 120/197
  [2000] 130/197
  [2000] 140/197
  [2000] 150/197
  [2000] 160/197
  [2000] 170/197
  [2000] 180/197
  [2000] 190/197
  [2000] 197/197
  [2001] 10/179
  [2001] 20/179
  [2001] 30/179
  [2001] 40/179
  [2001] 50/179
  [2001] 60/179
  [2001] 70/179
  [2001] 80/179
  [2001] 90/179
  [2001] 100/179
  [2001] 110/179
  [2001] 120/179
  [2001] 130/179
  [2001] 140/179
  [2001] 150/179
  [2001] 160/179
  [2001] 170/179
  [2001] 179/179
  [2002] 10/236
  [2002] 20/236
  [2002] 30/236
  [2002] 40/236
  [2002] 50/236
  [2002] 60/236
  [2002] 70/236
  [2002] 80/236
  [2002] 90/236
  [2002] 100/236
  [2002] 110/236
  [2002] 120/236
  [2002] 130/236
  [2002] 140/236
  [2002] 150/236
  [2002] 160/236
  [2002] 170/236
  [2002] 180/236
  [2002] 190/236
  [2002] 200/236
  [2002] 210/236
  [2002] 220/236
  [2002] 230/236
  [2002] 236/236
  [2003] 10/221
  [2003] 20/221
  [2003] 30/221
  [2003] 40/221
  [2003] 50/221
  [2003] 60/221
  [2003] 70/221
  [2003] 80/221
  [2003] 90/221
  [2003] 100/221
  [2003] 110/221
  [2003] 120/221
  [2003] 130/221
  [2003] 140/221
  [2003] 150/221
  [2003] 160/221
  [2003] 170/221
  [2003] 180/221
  [2003] 190/221
  [2003] 200/221
  [2003] 210/221
  [2003] 220/221
  [2003] 221/221
  [2004] 10/104
  [2004] 20/104
  [2004] 30/104
  [2004] 40/104
  [2004] 50/104
  [2004] 60/104
  [2004] 70/104
  [2004] 80/104
  [2004] 90/104
  [2004] 100/104
  [2004] 104/104
  [2005] 10/79
  [2005] 20/79
  [2005] 30/79
  [2005] 40/79
  [2005] 50/79
  [2005] 60/79
  [2005] 70/79
  [2005] 79/79
  [2006] 10/105
  [2006] 20/105
  [2006] 30/105
  [2006] 40/105
  [2006] 50/105
  [2006] 60/105
  [2006] 70/105
  [2006] 80/105
  [2006] 90/105
  [2006] 100/105
  [2006] 105/105
  [2007] 10/78
  [2007] 20/78
  [2007] 30/78
  [2007] 40/78
  [2007] 50/78
  [2007] 60/78
  [2007] 70/78
  [2007] 78/78
  [2008] 10/213
  [2008] 20/213
  [2008] 30/213
  [2008] 40/213
  [2008] 50/213
  [2008] 60/213
  [2008] 70/213
  [2008] 80/213
  [2008] 90/213
  [2008] 100/213
  [2008] 110/213
  [2008] 120/213
  [2008] 130/213
  [2008] 140/213
  [2008] 150/213
  [2008] 160/213
  [2008] 170/213
  [2008] 180/213
  [2008] 190/213
  [2008] 200/213
  [2008] 210/213
  [2008] 213/213
  [2009] 10/188
  [2009] 20/188
  [2009] 30/188
  [2009] 40/188
  [2009] 50/188
  [2009] 60/188
  [2009] 70/188
  [2009] 80/188
  [2009] 90/188
  [2009] 100/188
  [2009] 110/188
  [2009] 120/188
  [2009] 130/188
  [2009] 140/188
  [2009] 150/188
  [2009] 160/188
  [2009] 170/188
  [2009] 180/188
  [2009] 188/188
  [2010] 10/252
  [2010] 20/252
  [2010] 30/252
  [2010] 40/252
  [2010] 50/252
  [2010] 60/252
  [2010] 70/252
  [2010] 80/252
  [2010] 90/252
  [2010] 100/252
  [2010] 110/252
  [2010] 120/252
  [2010] 130/252
  [2010] 140/252
  翻译失败(3次): 2/12/10;... err=502 | Unknown error. Error code: 502
  [2010] 150/252
  [2010] 160/252
  [2010] 170/252
  [2010] 180/252
  [2010] 190/252
  [2010] 200/252
  [2010] 210/252
  [2010] 220/252
  [2010] 230/252
  [2010] 240/252
  [2010] 250/252
  [2010] 252/252
  [2011] 10/217
  [2011] 20/217
  [2011] 30/217
  [2011] 40/217
  [2011] 50/217
  [2011] 60/217
  [2011] 70/217
  [2011] 80/217
  [2011] 90/217
  翻译失败(3次): 2/12/10;... err=502 | Unknown error. Error code: 502
  [2011] 100/217
  [2011] 110/217
  翻译失败(3次): 2011** 2010 2009... err=502 | Unknown error. Error code: 502
  [2011] 120/217
  [2011] 130/217
  [2011] 140/217
  [2011] 150/217
  [2011] 160/217
  [2011] 170/217
  [2011] 180/217
  [2011] 190/217
  [2011] 200/217
  [2011] 210/217
  [2011] 217/217
  [2012] 10/252
  [2012] 20/252
  [2012] 30/252
  [2012] 40/252
  [2012] 50/252
  [2012] 60/252
  [2012] 70/252
  [2012] 80/252
  [2012] 90/252
  [2012] 100/252
  [2012] 110/252
  翻译失败(3次): 2012 2011* 2010... err=502 | Unknown error. Error code: 502
  [2012] 120/252
  [2012] 130/252
  [2012] 140/252
  [2012] 150/252
  [2012] 160/252
  [2012] 170/252
  [2012] 180/252
  [2012] 190/252
  [2012] 200/252
  [2012] 210/252
  [2012] 220/252
  [2012] 230/252
  [2012] 240/252
  [2012] 250/252
  [2012] 252/252
  [2013] 10/239
  [2013] 20/239
  [2013] 30/239
  [2013] 40/239
  [2013] 50/239
  [2013] 60/239
  [2013] 70/239
  [2013] 80/239
  [2013] 90/239
  [2013] 100/239
  [2013] 110/239
  [2013] 120/239
  [2013] 130/239
  [2013] 140/239
  [2013] 150/239
  [2013] 160/239
  [2013] 170/239
  [2013] 180/239
  [2013] 190/239
  [2013] 200/239
  [2013] 210/239
  [2013] 220/239
  [2013] 230/239
  [2013] 239/239
  [2014] 10/423
  [2014] 20/423
  [2014] 30/423
  [2014] 40/423
  [2014] 50/423
  [2014] 60/423
  [2014] 70/423
  [2014] 80/423
  [2014] 90/423
  [2014] 100/423
  [2014] 110/423
  翻译失败(3次): 2014 2013 * 2012 *... err=502 | Unknown error. Error code: 502
  [2014] 120/423
  [2014] 130/423
  [2014] 140/423
  [2014] 150/423
  [2014] 160/423
  [2014] 170/423
  [2014] 180/423
  [2014] 190/423
  [2014] 200/423
  [2014] 210/423
  [2014] 220/423
  [2014] 230/423
  [2014] 240/423
  [2014] 250/423
  [2014] 260/423
  [2014] 270/423
  [2014] 280/423
  [2014] 290/423
  [2014] 300/423
  [2014] 310/423
  [2014] 320/423
  [2014] 330/423
  [2014] 340/423
  [2014] 350/423
  [2014] 360/423
  [2014] 370/423
  [2014] 380/423
  [2014] 390/423
  [2014] 400/423
  [2014] 410/423
  [2014] 420/423
  [2014] 423/423
  [2015] 10/268
  [2015] 20/268
  [2015] 30/268
  [2015] 40/268
  [2015] 50/268
  [2015] 60/268
  [2015] 70/268
  [2015] 80/268
  [2015] 90/268
  [2015] 100/268
  [2015] 110/268
  [2015] 120/268
  翻译失败(3次): 2015 2014 2013*... err=502 | Unknown error. Error code: 502
  [2015] 130/268
  [2015] 140/268
  [2015] 150/268
  [2015] 160/268
  [2015] 170/268
  [2015] 180/268
  [2015] 190/268
  [2015] 200/268
  [2015] 210/268
  [2015] 220/268
  [2015] 230/268
  [2015] 240/268
  [2015] 250/268
  [2015] 260/268
  [2015] 268/268
  [2016] 10/242
  [2016] 20/242
  [2016] 30/242
  [2016] 40/242
  [2016] 50/242
  [2016] 60/242
  [2016] 70/242
  [2016] 80/242
  [2016] 90/242
  [2016] 100/242
  [2016] 110/242
  [2016] 120/242
  [2016] 130/242
  [2016] 140/242
  [2016] 150/242
  [2016] 160/242
  [2016] 170/242
  [2016] 180/242
  [2016] 190/242
  [2016] 200/242
  [2016] 210/242
  [2016] 220/242
  [2016] 230/242
  [2016] 240/242
  [2016] 242/242
  [2017] 10/156
  [2017] 20/156
  [2017] 30/156
  [2017] 40/156
  [2017] 50/156
  [2017] 60/156
  [2017] 70/156
  [2017] 80/156
  [2017] 90/156
  [2017] 100/156
  [2017] 110/156
  [2017] 120/156
  [2017] 130/156
  [2017] 140/156
  [2017] 150/156
  [2017] 156/156
  [2018] 10/139
  [2018] 20/139
  [2018] 30/139
  [2018] 40/139
  [2018] 50/139
  [2018] 60/139
  [2018] 70/139
  [2018] 80/139
  [2018] 90/139
  [2018] 100/139
  [2018] 110/139
  [2018] 120/139
  [2018] 130/139
  [2018] 139/139
  [2019] 10/135
  [2019] 20/135
  [2019] 30/135
  [2019] 40/135
  [2019] 50/135
  [2019] 60/135
  [2019] 70/135
  [2019] 80/135
  [2019] 90/135
  [2019] 100/135
  [2019] 110/135
  [2019] 120/135
  [2019] 130/135
  [2019] 135/135
  [2020] 10/150
  [2020] 20/150
  [2020] 30/150
  [2020] 40/150
  [2020] 50/150
  [2020] 60/150
  [2020] 70/150
  [2020] 80/150
  [2020] 90/150
  [2020] 100/150
  [2020] 110/150
  [2020] 120/150
  [2020] 130/150
  [2020] 140/150
  [2021] 10/109
  [2021] 20/109
  [2021] 30/109
  [2021] 40/109
  [2021] 50/109
  [2021] 60/109
  [2021] 70/109
  [2021] 80/109
  [2021] 90/109
  [2021] 100/109
  [2021] 109/109
  [2022] 10/76
  [2022] 20/76
  [2022] 30/76
  [2022] 40/76
  [2022] 50/76
  [2022] 60/76
  [2022] 70/76
  [2022] 76/76
  [2023] 10/135
  [2023] 20/135
  [2023] 30/135
  [2023] 40/135
  [2023] 50/135
  [2023] 60/135
  [2023] 70/135
  [2023] 80/135
  [2023] 90/135
  [2023] 100/135
  [2023] 110/135
  [2023] 120/135
  [2023] 130/135
  [2023] 135/135
  [2024] 10/131
  [2024] 20/131
  [2024] 30/131
  [2024] 40/131
  [2024] 50/131
  [2024] 60/131
  [2024] 70/131
  [2024] 80/131
  [2024] 90/131
  [2024] 100/131
  [2024] 110/131
  [2024] 120/131
  [2024] 130/131
  [2024] 131/131
  HTML已重新生成

生成首页...
完成! 48年, 8002段
