加载年份内容...
未翻译段落: 22 (去重后: 21)
  失败[0]: Gene continues in good health as Chairma...
  失败[1]: The number one contributor to Berkshire’...
  失败[2]: Our forecast is for an average combined ...
  失败[3]: We have placed much trust in them - and ...
  失败[4]: (a) All owned by Berkshire or its insura...
  失败[5]: On December 31, 1980 we completed the ex...
  失败[6]: (b) Blue Chip and/or Wesco own shares of...
  失败[7]: GEICO, 38%-owned by Berkshire, reported ...
  失败[8]: Never one to let go of a meal ticket, we...
  失败[9]: o The tax rate on corporate ordinary inc...
  翻译失败(3次): $362,347 $491,989 ======== ========... err=502 | Unknown error. Error code: 502
  失败[10]: $362,347 $491,989 ======== ========...
  失败[11]: Marketable Securities - Permanent Holdin...
  失败[12]: *Excludes interest expense of Scott Fetz...
  失败[13]: It is great fun to be in business with p...
  失败[14]: Dave Dodd, my friend and teacher for 38 ...
  失败[15]: Berkshire now has 1,152,547 shares outst...
  失败[16]: What we have going for us is a growing c...
  失败[17]: All things considered, we believe our wo...
  失败[18]: Alas, I sold my entire GEICO position in...
  失败[19]: Then, in 1995, we agreed to pay $2.3 bil...
  失败[20]: GEICO, of course, must continue both to ...

完成! 修复: 0, 失败: 21
